{"D:\\Go\\task-mern\\frontend\\src\\App.jsx": {"path":"D:\\Go\\task-mern\\frontend\\src\\App.jsx","statementMap":{"0":{"start":{"line":12,"column":2},"end":{"line":27,"column":3}}},"fnMap":{"0":{"name":"App","decl":{"start":{"line":11,"column":9},"end":{"line":11,"column":12}},"loc":{"start":{"line":11,"column":15},"end":{"line":28,"column":1}},"line":11}},"branchMap":{},"s":{"0":1},"f":{"0":1},"b":{},"_coverageSchema":"1a1c01bbd47fc00a2c39e90264f33305004495a9","hash":"c67cc6cd8e057e9090e29b4192115ad376f0a836"}
,"D:\\Go\\task-mern\\frontend\\src\\main.jsx": {"path":"D:\\Go\\task-mern\\frontend\\src\\main.jsx","statementMap":{"0":{"start":{"line":9,"column":0},"end":{"line":15,"column":1}}},"fnMap":{},"branchMap":{},"s":{"0":0},"f":{},"b":{}}
,"D:\\Go\\task-mern\\frontend\\src\\app\\store.js": {"path":"D:\\Go\\task-mern\\frontend\\src\\app\\store.js","statementMap":{"0":{"start":{"line":6,"column":21},"end":{"line":11,"column":2}}},"fnMap":{},"branchMap":{},"s":{"0":1},"f":{},"b":{},"_coverageSchema":"1a1c01bbd47fc00a2c39e90264f33305004495a9","hash":"a511038b0860ba15dc8b7a7f8e2e86fda431790d"}
,"D:\\Go\\task-mern\\frontend\\src\\components\\Dashboard.jsx": {"path":"D:\\Go\\task-mern\\frontend\\src\\components\\Dashboard.jsx","statementMap":{"0":{"start":{"line":8,"column":18},"end":{"line":29,"column":1}},"1":{"start":{"line":10,"column":21},"end":{"line":10,"column":34}},"2":{"start":{"line":12,"column":21},"end":{"line":12,"column":53}},"3":{"start":{"line":12,"column":42},"end":{"line":12,"column":52}},"4":{"start":{"line":14,"column":4},"end":{"line":16,"column":24}},"5":{"start":{"line":15,"column":8},"end":{"line":15,"column":37}},"6":{"start":{"line":15,"column":19},"end":{"line":15,"column":37}},"7":{"start":{"line":18,"column":4},"end":{"line":28,"column":5}},"8":{"start":{"line":23,"column":59},"end":{"line":23,"column":80}}},"fnMap":{"0":{"name":"(anonymous_0)","decl":{"start":{"line":8,"column":18},"end":{"line":8,"column":19}},"loc":{"start":{"line":8,"column":24},"end":{"line":29,"column":1}},"line":8},"1":{"name":"(anonymous_1)","decl":{"start":{"line":12,"column":33},"end":{"line":12,"column":34}},"loc":{"start":{"line":12,"column":42},"end":{"line":12,"column":52}},"line":12},"2":{"name":"(anonymous_2)","decl":{"start":{"line":14,"column":14},"end":{"line":14,"column":15}},"loc":{"start":{"line":14,"column":20},"end":{"line":16,"column":5}},"line":14},"3":{"name":"(anonymous_3)","decl":{"start":{"line":23,"column":53},"end":{"line":23,"column":54}},"loc":{"start":{"line":23,"column":59},"end":{"line":23,"column":80}},"line":23}},"branchMap":{"0":{"loc":{"start":{"line":15,"column":8},"end":{"line":15,"column":37}},"type":"if","locations":[{"start":{"line":15,"column":8},"end":{"line":15,"column":37}},{"start":{},"end":{}}],"line":15},"1":{"loc":{"start":{"line":21,"column":30},"end":{"line":21,"column":47}},"type":"binary-expr","locations":[{"start":{"line":21,"column":30},"end":{"line":21,"column":34}},{"start":{"line":21,"column":38},"end":{"line":21,"column":47}}],"line":21}},"s":{"0":1,"1":1,"2":1,"3":2,"4":1,"5":1,"6":1,"7":1,"8":0},"f":{"0":1,"1":2,"2":1,"3":0},"b":{"0":[1,0],"1":[1,0]},"_coverageSchema":"1a1c01bbd47fc00a2c39e90264f33305004495a9","hash":"fd9b722639cb1b0e3c7442504c791bd0d667a44a"}
,"D:\\Go\\task-mern\\frontend\\src\\components\\Header.jsx": {"path":"D:\\Go\\task-mern\\frontend\\src\\components\\Header.jsx","statementMap":{"0":{"start":{"line":7,"column":15},"end":{"line":49,"column":1}},"1":{"start":{"line":9,"column":21},"end":{"line":9,"column":34}},"2":{"start":{"line":10,"column":21},"end":{"line":10,"column":34}},"3":{"start":{"line":12,"column":21},"end":{"line":12,"column":53}},"4":{"start":{"line":12,"column":42},"end":{"line":12,"column":52}},"5":{"start":{"line":14,"column":21},"end":{"line":18,"column":5}},"6":{"start":{"line":15,"column":8},"end":{"line":15,"column":26}},"7":{"start":{"line":16,"column":8},"end":{"line":16,"column":25}},"8":{"start":{"line":17,"column":8},"end":{"line":17,"column":21}},"9":{"start":{"line":20,"column":4},"end":{"line":48,"column":5}}},"fnMap":{"0":{"name":"(anonymous_0)","decl":{"start":{"line":7,"column":15},"end":{"line":7,"column":16}},"loc":{"start":{"line":7,"column":21},"end":{"line":49,"column":1}},"line":7},"1":{"name":"(anonymous_1)","decl":{"start":{"line":12,"column":33},"end":{"line":12,"column":34}},"loc":{"start":{"line":12,"column":42},"end":{"line":12,"column":52}},"line":12},"2":{"name":"(anonymous_2)","decl":{"start":{"line":14,"column":21},"end":{"line":14,"column":22}},"loc":{"start":{"line":14,"column":27},"end":{"line":18,"column":5}},"line":14}},"branchMap":{"0":{"loc":{"start":{"line":26,"column":18},"end":{"line":45,"column":17}},"type":"cond-expr","locations":[{"start":{"line":27,"column":20},"end":{"line":31,"column":25}},{"start":{"line":33,"column":20},"end":{"line":44,"column":23}}],"line":26}},"s":{"0":1,"1":2,"2":2,"3":2,"4":3,"5":2,"6":0,"7":0,"8":0,"9":2},"f":{"0":2,"1":3,"2":0},"b":{"0":[0,2]},"_coverageSchema":"1a1c01bbd47fc00a2c39e90264f33305004495a9","hash":"f37241cdd8f44318772d142413ffbce98972420d"}
,"D:\\Go\\task-mern\\frontend\\src\\components\\Login.jsx": {"path":"D:\\Go\\task-mern\\frontend\\src\\components\\Login.jsx","statementMap":{"0":{"start":{"line":10,"column":14},"end":{"line":84,"column":1}},"1":{"start":{"line":12,"column":36},"end":{"line":15,"column":6}},"2":{"start":{"line":17,"column":32},"end":{"line":17,"column":40}},"3":{"start":{"line":19,"column":21},"end":{"line":19,"column":34}},"4":{"start":{"line":20,"column":21},"end":{"line":20,"column":34}},"5":{"start":{"line":22,"column":61},"end":{"line":22,"column":93}},"6":{"start":{"line":22,"column":82},"end":{"line":22,"column":92}},"7":{"start":{"line":24,"column":4},"end":{"line":28,"column":63}},"8":{"start":{"line":25,"column":8},"end":{"line":25,"column":41}},"9":{"start":{"line":25,"column":21},"end":{"line":25,"column":41}},"10":{"start":{"line":26,"column":8},"end":{"line":26,"column":44}},"11":{"start":{"line":26,"column":31},"end":{"line":26,"column":44}},"12":{"start":{"line":27,"column":8},"end":{"line":27,"column":25}},"13":{"start":{"line":30,"column":21},"end":{"line":35,"column":5}},"14":{"start":{"line":31,"column":8},"end":{"line":34,"column":11}},"15":{"start":{"line":31,"column":34},"end":{"line":34,"column":9}},"16":{"start":{"line":37,"column":21},"end":{"line":41,"column":5}},"17":{"start":{"line":38,"column":8},"end":{"line":38,"column":26}},"18":{"start":{"line":39,"column":25},"end":{"line":39,"column":44}},"19":{"start":{"line":40,"column":8},"end":{"line":40,"column":33}},"20":{"start":{"line":43,"column":4},"end":{"line":83,"column":5}}},"fnMap":{"0":{"name":"(anonymous_0)","decl":{"start":{"line":10,"column":14},"end":{"line":10,"column":15}},"loc":{"start":{"line":10,"column":20},"end":{"line":84,"column":1}},"line":10},"1":{"name":"(anonymous_1)","decl":{"start":{"line":22,"column":73},"end":{"line":22,"column":74}},"loc":{"start":{"line":22,"column":82},"end":{"line":22,"column":92}},"line":22},"2":{"name":"(anonymous_2)","decl":{"start":{"line":24,"column":14},"end":{"line":24,"column":15}},"loc":{"start":{"line":24,"column":20},"end":{"line":28,"column":5}},"line":24},"3":{"name":"(anonymous_3)","decl":{"start":{"line":30,"column":21},"end":{"line":30,"column":22}},"loc":{"start":{"line":30,"column":26},"end":{"line":35,"column":5}},"line":30},"4":{"name":"(anonymous_4)","decl":{"start":{"line":31,"column":20},"end":{"line":31,"column":21}},"loc":{"start":{"line":31,"column":34},"end":{"line":34,"column":9}},"line":31},"5":{"name":"(anonymous_5)","decl":{"start":{"line":37,"column":21},"end":{"line":37,"column":22}},"loc":{"start":{"line":37,"column":26},"end":{"line":41,"column":5}},"line":37}},"branchMap":{"0":{"loc":{"start":{"line":25,"column":8},"end":{"line":25,"column":41}},"type":"if","locations":[{"start":{"line":25,"column":8},"end":{"line":25,"column":41}},{"start":{},"end":{}}],"line":25},"1":{"loc":{"start":{"line":26,"column":8},"end":{"line":26,"column":44}},"type":"if","locations":[{"start":{"line":26,"column":8},"end":{"line":26,"column":44}},{"start":{},"end":{}}],"line":26},"2":{"loc":{"start":{"line":26,"column":12},"end":{"line":26,"column":29}},"type":"binary-expr","locations":[{"start":{"line":26,"column":12},"end":{"line":26,"column":21}},{"start":{"line":26,"column":25},"end":{"line":26,"column":29}}],"line":26},"3":{"loc":{"start":{"line":44,"column":8},"end":{"line":82,"column":9}},"type":"cond-expr","locations":[{"start":{"line":44,"column":20},"end":{"line":44,"column":31}},{"start":{"line":45,"column":8},"end":{"line":81,"column":11}}],"line":44}},"s":{"0":1,"1":1,"2":1,"3":1,"4":1,"5":1,"6":2,"7":1,"8":1,"9":0,"10":1,"11":0,"12":1,"13":1,"14":0,"15":0,"16":1,"17":0,"18":0,"19":0,"20":1},"f":{"0":1,"1":2,"2":1,"3":0,"4":0,"5":0},"b":{"0":[0,1],"1":[0,1],"2":[1,1],"3":[0,1]},"_coverageSchema":"1a1c01bbd47fc00a2c39e90264f33305004495a9","hash":"f355f339061204841e1aee3aea430fa3d8c8e65f"}
,"D:\\Go\\task-mern\\frontend\\src\\components\\Register.jsx": {"path":"D:\\Go\\task-mern\\frontend\\src\\components\\Register.jsx","statementMap":{"0":{"start":{"line":11,"column":17},"end":{"line":113,"column":1}},"1":{"start":{"line":13,"column":36},"end":{"line":18,"column":6}},"2":{"start":{"line":20,"column":49},"end":{"line":20,"column":57}},"3":{"start":{"line":22,"column":21},"end":{"line":22,"column":34}},"4":{"start":{"line":23,"column":21},"end":{"line":23,"column":34}},"5":{"start":{"line":25,"column":61},"end":{"line":25,"column":93}},"6":{"start":{"line":25,"column":82},"end":{"line":25,"column":92}},"7":{"start":{"line":27,"column":4},"end":{"line":31,"column":63}},"8":{"start":{"line":28,"column":8},"end":{"line":28,"column":41}},"9":{"start":{"line":28,"column":21},"end":{"line":28,"column":41}},"10":{"start":{"line":29,"column":8},"end":{"line":29,"column":44}},"11":{"start":{"line":29,"column":31},"end":{"line":29,"column":44}},"12":{"start":{"line":30,"column":8},"end":{"line":30,"column":25}},"13":{"start":{"line":33,"column":21},"end":{"line":38,"column":5}},"14":{"start":{"line":34,"column":8},"end":{"line":37,"column":11}},"15":{"start":{"line":34,"column":34},"end":{"line":37,"column":9}},"16":{"start":{"line":40,"column":21},"end":{"line":49,"column":5}},"17":{"start":{"line":41,"column":8},"end":{"line":41,"column":26}},"18":{"start":{"line":42,"column":8},"end":{"line":48,"column":9}},"19":{"start":{"line":43,"column":12},"end":{"line":43,"column":50}},"20":{"start":{"line":46,"column":29},"end":{"line":46,"column":53}},"21":{"start":{"line":47,"column":12},"end":{"line":47,"column":40}},"22":{"start":{"line":51,"column":4},"end":{"line":112,"column":5}}},"fnMap":{"0":{"name":"(anonymous_0)","decl":{"start":{"line":11,"column":17},"end":{"line":11,"column":18}},"loc":{"start":{"line":11,"column":23},"end":{"line":113,"column":1}},"line":11},"1":{"name":"(anonymous_1)","decl":{"start":{"line":25,"column":73},"end":{"line":25,"column":74}},"loc":{"start":{"line":25,"column":82},"end":{"line":25,"column":92}},"line":25},"2":{"name":"(anonymous_2)","decl":{"start":{"line":27,"column":14},"end":{"line":27,"column":15}},"loc":{"start":{"line":27,"column":20},"end":{"line":31,"column":5}},"line":27},"3":{"name":"(anonymous_3)","decl":{"start":{"line":33,"column":21},"end":{"line":33,"column":22}},"loc":{"start":{"line":33,"column":26},"end":{"line":38,"column":5}},"line":33},"4":{"name":"(anonymous_4)","decl":{"start":{"line":34,"column":20},"end":{"line":34,"column":21}},"loc":{"start":{"line":34,"column":34},"end":{"line":37,"column":9}},"line":34},"5":{"name":"(anonymous_5)","decl":{"start":{"line":40,"column":21},"end":{"line":40,"column":22}},"loc":{"start":{"line":40,"column":26},"end":{"line":49,"column":5}},"line":40}},"branchMap":{"0":{"loc":{"start":{"line":28,"column":8},"end":{"line":28,"column":41}},"type":"if","locations":[{"start":{"line":28,"column":8},"end":{"line":28,"column":41}},{"start":{},"end":{}}],"line":28},"1":{"loc":{"start":{"line":29,"column":8},"end":{"line":29,"column":44}},"type":"if","locations":[{"start":{"line":29,"column":8},"end":{"line":29,"column":44}},{"start":{},"end":{}}],"line":29},"2":{"loc":{"start":{"line":29,"column":12},"end":{"line":29,"column":29}},"type":"binary-expr","locations":[{"start":{"line":29,"column":12},"end":{"line":29,"column":21}},{"start":{"line":29,"column":25},"end":{"line":29,"column":29}}],"line":29},"3":{"loc":{"start":{"line":42,"column":8},"end":{"line":48,"column":9}},"type":"if","locations":[{"start":{"line":42,"column":8},"end":{"line":48,"column":9}},{"start":{"line":45,"column":13},"end":{"line":48,"column":9}}],"line":42},"4":{"loc":{"start":{"line":52,"column":8},"end":{"line":111,"column":9}},"type":"cond-expr","locations":[{"start":{"line":52,"column":20},"end":{"line":52,"column":31}},{"start":{"line":53,"column":8},"end":{"line":110,"column":11}}],"line":52}},"s":{"0":1,"1":0,"2":0,"3":0,"4":0,"5":0,"6":0,"7":0,"8":0,"9":0,"10":0,"11":0,"12":0,"13":0,"14":0,"15":0,"16":0,"17":0,"18":0,"19":0,"20":0,"21":0,"22":0},"f":{"0":0,"1":0,"2":0,"3":0,"4":0,"5":0},"b":{"0":[0,0],"1":[0,0],"2":[0,0],"3":[0,0],"4":[0,0]},"_coverageSchema":"1a1c01bbd47fc00a2c39e90264f33305004495a9","hash":"f9ae98ef7c0319fbb203e49ddba70f448c5f6b55"}
,"D:\\Go\\task-mern\\frontend\\src\\components\\Spinner.jsx": {"path":"D:\\Go\\task-mern\\frontend\\src\\components\\Spinner.jsx","statementMap":{"0":{"start":{"line":1,"column":16},"end":{"line":7,"column":1}},"1":{"start":{"line":2,"column":4},"end":{"line":6,"column":5}}},"fnMap":{"0":{"name":"(anonymous_0)","decl":{"start":{"line":1,"column":16},"end":{"line":1,"column":17}},"loc":{"start":{"line":1,"column":22},"end":{"line":7,"column":1}},"line":1}},"branchMap":{},"s":{"0":2,"1":1},"f":{"0":1},"b":{},"_coverageSchema":"1a1c01bbd47fc00a2c39e90264f33305004495a9","hash":"8b795d77d66ca6e281bf48194fb5c598d5009dde"}
,"D:\\Go\\task-mern\\frontend\\src\\components\\TaskForm.jsx": {"path":"D:\\Go\\task-mern\\frontend\\src\\components\\TaskForm.jsx","statementMap":{"0":{"start":{"line":8,"column":17},"end":{"line":38,"column":1}},"1":{"start":{"line":10,"column":28},"end":{"line":10,"column":40}},"2":{"start":{"line":12,"column":21},"end":{"line":12,"column":34}},"3":{"start":{"line":13,"column":21},"end":{"line":13,"column":34}},"4":{"start":{"line":15,"column":21},"end":{"line":20,"column":5}},"5":{"start":{"line":16,"column":8},"end":{"line":16,"column":26}},"6":{"start":{"line":17,"column":8},"end":{"line":17,"column":38}},"7":{"start":{"line":18,"column":8},"end":{"line":18,"column":19}},"8":{"start":{"line":19,"column":8},"end":{"line":19,"column":29}},"9":{"start":{"line":22,"column":4},"end":{"line":37,"column":5}},"10":{"start":{"line":28,"column":35},"end":{"line":28,"column":58}}},"fnMap":{"0":{"name":"(anonymous_0)","decl":{"start":{"line":8,"column":17},"end":{"line":8,"column":18}},"loc":{"start":{"line":8,"column":23},"end":{"line":38,"column":1}},"line":8},"1":{"name":"(anonymous_1)","decl":{"start":{"line":15,"column":21},"end":{"line":15,"column":22}},"loc":{"start":{"line":15,"column":28},"end":{"line":20,"column":5}},"line":15},"2":{"name":"(anonymous_2)","decl":{"start":{"line":28,"column":30},"end":{"line":28,"column":31}},"loc":{"start":{"line":28,"column":35},"end":{"line":28,"column":58}},"line":28}},"branchMap":{},"s":{"0":1,"1":1,"2":1,"3":1,"4":1,"5":0,"6":0,"7":0,"8":0,"9":1,"10":0},"f":{"0":1,"1":0,"2":0},"b":{},"_coverageSchema":"1a1c01bbd47fc00a2c39e90264f33305004495a9","hash":"b3fcc4840e7c0f78fcad4625b80cf59a821849e2"}
,"D:\\Go\\task-mern\\frontend\\src\\components\\TaskItem.jsx": {"path":"D:\\Go\\task-mern\\frontend\\src\\components\\TaskItem.jsx","statementMap":{"0":{"start":{"line":6,"column":17},"end":{"line":17,"column":1}},"1":{"start":{"line":8,"column":21},"end":{"line":8,"column":34}},"2":{"start":{"line":10,"column":4},"end":{"line":16,"column":5}},"3":{"start":{"line":14,"column":36},"end":{"line":14,"column":66}}},"fnMap":{"0":{"name":"(anonymous_0)","decl":{"start":{"line":6,"column":17},"end":{"line":6,"column":18}},"loc":{"start":{"line":6,"column":31},"end":{"line":17,"column":1}},"line":6},"1":{"name":"(anonymous_1)","decl":{"start":{"line":14,"column":30},"end":{"line":14,"column":31}},"loc":{"start":{"line":14,"column":36},"end":{"line":14,"column":66}},"line":14}},"branchMap":{},"s":{"0":2,"1":1,"2":1,"3":0},"f":{"0":1,"1":0},"b":{},"_coverageSchema":"1a1c01bbd47fc00a2c39e90264f33305004495a9","hash":"69d205baeaf157dcd08712812af4838bf5ec0dc6"}
,"D:\\Go\\task-mern\\frontend\\src\\components\\TaskList.jsx": {"path":"D:\\Go\\task-mern\\frontend\\src\\components\\TaskList.jsx","statementMap":{"0":{"start":{"line":10,"column":17},"end":{"line":35,"column":1}},"1":{"start":{"line":12,"column":21},"end":{"line":12,"column":34}},"2":{"start":{"line":13,"column":21},"end":{"line":13,"column":34}},"3":{"start":{"line":15,"column":51},"end":{"line":15,"column":84}},"4":{"start":{"line":15,"column":72},"end":{"line":15,"column":83}},"5":{"start":{"line":17,"column":4},"end":{"line":21,"column":46}},"6":{"start":{"line":18,"column":8},"end":{"line":18,"column":41}},"7":{"start":{"line":18,"column":21},"end":{"line":18,"column":41}},"8":{"start":{"line":19,"column":8},"end":{"line":19,"column":28}},"9":{"start":{"line":20,"column":8},"end":{"line":20,"column":38}},"10":{"start":{"line":20,"column":21},"end":{"line":20,"column":38}},"11":{"start":{"line":23,"column":4},"end":{"line":33,"column":5}},"12":{"start":{"line":28,"column":44},"end":{"line":28,"column":83}}},"fnMap":{"0":{"name":"(anonymous_0)","decl":{"start":{"line":10,"column":17},"end":{"line":10,"column":18}},"loc":{"start":{"line":10,"column":23},"end":{"line":35,"column":1}},"line":10},"1":{"name":"(anonymous_1)","decl":{"start":{"line":15,"column":63},"end":{"line":15,"column":64}},"loc":{"start":{"line":15,"column":72},"end":{"line":15,"column":83}},"line":15},"2":{"name":"(anonymous_2)","decl":{"start":{"line":17,"column":14},"end":{"line":17,"column":15}},"loc":{"start":{"line":17,"column":20},"end":{"line":21,"column":5}},"line":17},"3":{"name":"(anonymous_3)","decl":{"start":{"line":20,"column":15},"end":{"line":20,"column":16}},"loc":{"start":{"line":20,"column":21},"end":{"line":20,"column":38}},"line":20},"4":{"name":"(anonymous_4)","decl":{"start":{"line":28,"column":36},"end":{"line":28,"column":37}},"loc":{"start":{"line":28,"column":44},"end":{"line":28,"column":83}},"line":28}},"branchMap":{"0":{"loc":{"start":{"line":18,"column":8},"end":{"line":18,"column":41}},"type":"if","locations":[{"start":{"line":18,"column":8},"end":{"line":18,"column":41}},{"start":{},"end":{}}],"line":18},"1":{"loc":{"start":{"line":24,"column":8},"end":{"line":32,"column":9}},"type":"cond-expr","locations":[{"start":{"line":24,"column":20},"end":{"line":24,"column":31}},{"start":{"line":25,"column":12},"end":{"line":31,"column":22}}],"line":24},"2":{"loc":{"start":{"line":26,"column":18},"end":{"line":30,"column":17}},"type":"binary-expr","locations":[{"start":{"line":26,"column":18},"end":{"line":26,"column":34}},{"start":{"line":27,"column":20},"end":{"line":29,"column":26}}],"line":26}},"s":{"0":1,"1":0,"2":0,"3":0,"4":0,"5":0,"6":0,"7":0,"8":0,"9":0,"10":0,"11":0,"12":0},"f":{"0":0,"1":0,"2":0,"3":0,"4":0},"b":{"0":[0,0],"1":[0,0],"2":[0,0]},"_coverageSchema":"1a1c01bbd47fc00a2c39e90264f33305004495a9","hash":"37c73af025cacd651d29f722493cc62fb4f8d33f"}
,"D:\\Go\\task-mern\\frontend\\src\\features\\auth\\authService.js": {"path":"D:\\Go\\task-mern\\frontend\\src\\features\\auth\\authService.js","statementMap":{"0":{"start":{"line":3,"column":16},"end":{"line":3,"column":50}},"1":{"start":{"line":5,"column":17},"end":{"line":15,"column":1}},"2":{"start":{"line":7,"column":21},"end":{"line":7,"column":56}},"3":{"start":{"line":9,"column":4},"end":{"line":11,"column":5}},"4":{"start":{"line":10,"column":8},"end":{"line":10,"column":67}},"5":{"start":{"line":13,"column":4},"end":{"line":13,"column":24}},"6":{"start":{"line":17,"column":15},"end":{"line":17,"column":52}},"7":{"start":{"line":17,"column":21},"end":{"line":17,"column":52}},"8":{"start":{"line":19,"column":14},"end":{"line":29,"column":1}},"9":{"start":{"line":21,"column":21},"end":{"line":21,"column":66}},"10":{"start":{"line":23,"column":4},"end":{"line":25,"column":5}},"11":{"start":{"line":24,"column":8},"end":{"line":24,"column":67}},"12":{"start":{"line":27,"column":4},"end":{"line":27,"column":24}},"13":{"start":{"line":31,"column":20},"end":{"line":31,"column":47}}},"fnMap":{"0":{"name":"(anonymous_0)","decl":{"start":{"line":5,"column":17},"end":{"line":5,"column":18}},"loc":{"start":{"line":5,"column":37},"end":{"line":15,"column":1}},"line":5},"1":{"name":"(anonymous_1)","decl":{"start":{"line":17,"column":15},"end":{"line":17,"column":16}},"loc":{"start":{"line":17,"column":21},"end":{"line":17,"column":52}},"line":17},"2":{"name":"(anonymous_2)","decl":{"start":{"line":19,"column":14},"end":{"line":19,"column":15}},"loc":{"start":{"line":19,"column":34},"end":{"line":29,"column":1}},"line":19}},"branchMap":{"0":{"loc":{"start":{"line":9,"column":4},"end":{"line":11,"column":5}},"type":"if","locations":[{"start":{"line":9,"column":4},"end":{"line":11,"column":5}},{"start":{},"end":{}}],"line":9},"1":{"loc":{"start":{"line":23,"column":4},"end":{"line":25,"column":5}},"type":"if","locations":[{"start":{"line":23,"column":4},"end":{"line":25,"column":5}},{"start":{},"end":{}}],"line":23}},"s":{"0":2,"1":2,"2":0,"3":0,"4":0,"5":0,"6":2,"7":0,"8":2,"9":0,"10":0,"11":0,"12":0,"13":2},"f":{"0":0,"1":0,"2":0},"b":{"0":[0,0],"1":[0,0]},"_coverageSchema":"1a1c01bbd47fc00a2c39e90264f33305004495a9","hash":"231149b60f3d8a3821d53761c0efe4888ab95530"}
,"D:\\Go\\task-mern\\frontend\\src\\features\\auth\\authSlice.js": {"path":"D:\\Go\\task-mern\\frontend\\src\\features\\auth\\authSlice.js","statementMap":{"0":{"start":{"line":5,"column":18},"end":{"line":5,"column":58}},"1":{"start":{"line":7,"column":21},"end":{"line":13,"column":1}},"2":{"start":{"line":15,"column":24},"end":{"line":26,"column":1}},"3":{"start":{"line":18,"column":8},"end":{"line":24,"column":9}},"4":{"start":{"line":19,"column":12},"end":{"line":19,"column":51}},"5":{"start":{"line":22,"column":28},"end":{"line":22,"column":135}},"6":{"start":{"line":23,"column":12},"end":{"line":23,"column":52}},"7":{"start":{"line":28,"column":22},"end":{"line":31,"column":1}},"8":{"start":{"line":30,"column":16},"end":{"line":30,"column":42}},"9":{"start":{"line":33,"column":21},"end":{"line":44,"column":1}},"10":{"start":{"line":36,"column":8},"end":{"line":42,"column":9}},"11":{"start":{"line":37,"column":12},"end":{"line":37,"column":48}},"12":{"start":{"line":40,"column":28},"end":{"line":40,"column":135}},"13":{"start":{"line":41,"column":12},"end":{"line":41,"column":52}},"14":{"start":{"line":46,"column":25},"end":{"line":91,"column":2}},"15":{"start":{"line":51,"column":12},"end":{"line":51,"column":35}},"16":{"start":{"line":52,"column":12},"end":{"line":52,"column":35}},"17":{"start":{"line":53,"column":12},"end":{"line":53,"column":33}},"18":{"start":{"line":54,"column":12},"end":{"line":54,"column":30}},"19":{"start":{"line":58,"column":8},"end":{"line":89,"column":14}},"20":{"start":{"line":60,"column":16},"end":{"line":60,"column":38}},"21":{"start":{"line":63,"column":16},"end":{"line":64,"column":38}},"22":{"start":{"line":65,"column":16},"end":{"line":65,"column":43}},"23":{"start":{"line":68,"column":16},"end":{"line":68,"column":39}},"24":{"start":{"line":69,"column":16},"end":{"line":69,"column":36}},"25":{"start":{"line":70,"column":16},"end":{"line":70,"column":46}},"26":{"start":{"line":71,"column":16},"end":{"line":71,"column":33}},"27":{"start":{"line":74,"column":16},"end":{"line":74,"column":33}},"28":{"start":{"line":77,"column":16},"end":{"line":77,"column":38}},"29":{"start":{"line":80,"column":16},"end":{"line":80,"column":39}},"30":{"start":{"line":81,"column":16},"end":{"line":81,"column":38}},"31":{"start":{"line":82,"column":16},"end":{"line":82,"column":43}},"32":{"start":{"line":85,"column":16},"end":{"line":85,"column":39}},"33":{"start":{"line":86,"column":16},"end":{"line":86,"column":36}},"34":{"start":{"line":87,"column":16},"end":{"line":87,"column":46}},"35":{"start":{"line":88,"column":16},"end":{"line":88,"column":33}},"36":{"start":{"line":93,"column":25},"end":{"line":93,"column":42}}},"fnMap":{"0":{"name":"(anonymous_0)","decl":{"start":{"line":17,"column":4},"end":{"line":17,"column":5}},"loc":{"start":{"line":17,"column":30},"end":{"line":25,"column":5}},"line":17},"1":{"name":"(anonymous_1)","decl":{"start":{"line":30,"column":4},"end":{"line":30,"column":5}},"loc":{"start":{"line":30,"column":16},"end":{"line":30,"column":42}},"line":30},"2":{"name":"(anonymous_2)","decl":{"start":{"line":35,"column":4},"end":{"line":35,"column":5}},"loc":{"start":{"line":35,"column":30},"end":{"line":43,"column":5}},"line":35},"3":{"name":"(anonymous_3)","decl":{"start":{"line":50,"column":15},"end":{"line":50,"column":16}},"loc":{"start":{"line":50,"column":24},"end":{"line":55,"column":9}},"line":50},"4":{"name":"(anonymous_4)","decl":{"start":{"line":57,"column":19},"end":{"line":57,"column":20}},"loc":{"start":{"line":57,"column":30},"end":{"line":90,"column":5}},"line":57},"5":{"name":"(anonymous_5)","decl":{"start":{"line":59,"column":39},"end":{"line":59,"column":40}},"loc":{"start":{"line":59,"column":50},"end":{"line":61,"column":13}},"line":59},"6":{"name":"(anonymous_6)","decl":{"start":{"line":62,"column":41},"end":{"line":62,"column":42}},"loc":{"start":{"line":62,"column":60},"end":{"line":66,"column":13}},"line":62},"7":{"name":"(anonymous_7)","decl":{"start":{"line":67,"column":40},"end":{"line":67,"column":41}},"loc":{"start":{"line":67,"column":59},"end":{"line":72,"column":13}},"line":67},"8":{"name":"(anonymous_8)","decl":{"start":{"line":73,"column":39},"end":{"line":73,"column":40}},"loc":{"start":{"line":73,"column":50},"end":{"line":75,"column":13}},"line":73},"9":{"name":"(anonymous_9)","decl":{"start":{"line":76,"column":36},"end":{"line":76,"column":37}},"loc":{"start":{"line":76,"column":47},"end":{"line":78,"column":13}},"line":76},"10":{"name":"(anonymous_10)","decl":{"start":{"line":79,"column":38},"end":{"line":79,"column":39}},"loc":{"start":{"line":79,"column":57},"end":{"line":83,"column":13}},"line":79},"11":{"name":"(anonymous_11)","decl":{"start":{"line":84,"column":37},"end":{"line":84,"column":38}},"loc":{"start":{"line":84,"column":56},"end":{"line":89,"column":13}},"line":84}},"branchMap":{"0":{"loc":{"start":{"line":8,"column":10},"end":{"line":8,"column":38}},"type":"cond-expr","locations":[{"start":{"line":8,"column":22},"end":{"line":8,"column":31}},{"start":{"line":8,"column":34},"end":{"line":8,"column":38}}],"line":8},"1":{"loc":{"start":{"line":22,"column":28},"end":{"line":22,"column":135}},"type":"binary-expr","locations":[{"start":{"line":22,"column":29},"end":{"line":22,"column":43}},{"start":{"line":22,"column":47},"end":{"line":22,"column":66}},{"start":{"line":22,"column":70},"end":{"line":22,"column":97}},{"start":{"line":22,"column":102},"end":{"line":22,"column":115}},{"start":{"line":22,"column":119},"end":{"line":22,"column":135}}],"line":22},"2":{"loc":{"start":{"line":40,"column":28},"end":{"line":40,"column":135}},"type":"binary-expr","locations":[{"start":{"line":40,"column":29},"end":{"line":40,"column":43}},{"start":{"line":40,"column":47},"end":{"line":40,"column":66}},{"start":{"line":40,"column":70},"end":{"line":40,"column":97}},{"start":{"line":40,"column":102},"end":{"line":40,"column":115}},{"start":{"line":40,"column":119},"end":{"line":40,"column":135}}],"line":40}},"s":{"0":2,"1":2,"2":2,"3":0,"4":0,"5":0,"6":0,"7":2,"8":0,"9":2,"10":0,"11":0,"12":0,"13":0,"14":2,"15":1,"16":1,"17":1,"18":1,"19":2,"20":0,"21":0,"22":0,"23":0,"24":0,"25":0,"26":0,"27":0,"28":0,"29":0,"30":0,"31":0,"32":0,"33":0,"34":0,"35":0,"36":2},"f":{"0":0,"1":0,"2":0,"3":1,"4":2,"5":0,"6":0,"7":0,"8":0,"9":0,"10":0,"11":0},"b":{"0":[0,2],"1":[0,0,0,0,0],"2":[0,0,0,0,0]},"_coverageSchema":"1a1c01bbd47fc00a2c39e90264f33305004495a9","hash":"658b3ba6635bc1b4f304ca07d0111b4dc139fc8a"}
,"D:\\Go\\task-mern\\frontend\\src\\features\\tasks\\taskService.js": {"path":"D:\\Go\\task-mern\\frontend\\src\\features\\tasks\\taskService.js","statementMap":{"0":{"start":{"line":3,"column":16},"end":{"line":3,"column":50}},"1":{"start":{"line":6,"column":19},"end":{"line":18,"column":1}},"2":{"start":{"line":8,"column":19},"end":{"line":12,"column":5}},"3":{"start":{"line":14,"column":21},"end":{"line":14,"column":64}},"4":{"start":{"line":16,"column":4},"end":{"line":16,"column":24}},"5":{"start":{"line":20,"column":17},"end":{"line":32,"column":1}},"6":{"start":{"line":22,"column":19},"end":{"line":26,"column":5}},"7":{"start":{"line":28,"column":21},"end":{"line":28,"column":53}},"8":{"start":{"line":30,"column":4},"end":{"line":30,"column":24}},"9":{"start":{"line":34,"column":19},"end":{"line":45,"column":1}},"10":{"start":{"line":36,"column":19},"end":{"line":40,"column":5}},"11":{"start":{"line":42,"column":21},"end":{"line":42,"column":61}},"12":{"start":{"line":44,"column":4},"end":{"line":44,"column":24}},"13":{"start":{"line":47,"column":20},"end":{"line":47,"column":56}}},"fnMap":{"0":{"name":"(anonymous_0)","decl":{"start":{"line":6,"column":19},"end":{"line":6,"column":20}},"loc":{"start":{"line":6,"column":46},"end":{"line":18,"column":1}},"line":6},"1":{"name":"(anonymous_1)","decl":{"start":{"line":20,"column":17},"end":{"line":20,"column":18}},"loc":{"start":{"line":20,"column":34},"end":{"line":32,"column":1}},"line":20},"2":{"name":"(anonymous_2)","decl":{"start":{"line":34,"column":19},"end":{"line":34,"column":20}},"loc":{"start":{"line":34,"column":40},"end":{"line":45,"column":1}},"line":34}},"branchMap":{},"s":{"0":5,"1":5,"2":0,"3":0,"4":0,"5":5,"6":1,"7":1,"8":1,"9":5,"10":0,"11":0,"12":0,"13":5},"f":{"0":0,"1":1,"2":0},"b":{},"_coverageSchema":"1a1c01bbd47fc00a2c39e90264f33305004495a9","hash":"a0ae48ca8fab8eaadecfade66449f05bdba19873"}
,"D:\\Go\\task-mern\\frontend\\src\\features\\tasks\\taskSlice.js": {"path":"D:\\Go\\task-mern\\frontend\\src\\features\\tasks\\taskSlice.js","statementMap":{"0":{"start":{"line":6,"column":21},"end":{"line":12,"column":1}},"1":{"start":{"line":14,"column":26},"end":{"line":28,"column":1}},"2":{"start":{"line":17,"column":8},"end":{"line":26,"column":9}},"3":{"start":{"line":18,"column":26},"end":{"line":18,"column":61}},"4":{"start":{"line":19,"column":12},"end":{"line":19,"column":64}},"5":{"start":{"line":22,"column":28},"end":{"line":24,"column":47}},"6":{"start":{"line":25,"column":12},"end":{"line":25,"column":52}},"7":{"start":{"line":30,"column":24},"end":{"line":44,"column":1}},"8":{"start":{"line":33,"column":8},"end":{"line":42,"column":9}},"9":{"start":{"line":34,"column":26},"end":{"line":34,"column":61}},"10":{"start":{"line":35,"column":12},"end":{"line":35,"column":52}},"11":{"start":{"line":38,"column":28},"end":{"line":40,"column":47}},"12":{"start":{"line":41,"column":12},"end":{"line":41,"column":52}},"13":{"start":{"line":46,"column":26},"end":{"line":60,"column":1}},"14":{"start":{"line":49,"column":8},"end":{"line":58,"column":9}},"15":{"start":{"line":50,"column":26},"end":{"line":50,"column":61}},"16":{"start":{"line":51,"column":12},"end":{"line":51,"column":58}},"17":{"start":{"line":54,"column":28},"end":{"line":56,"column":47}},"18":{"start":{"line":57,"column":12},"end":{"line":57,"column":52}},"19":{"start":{"line":62,"column":25},"end":{"line":111,"column":2}},"20":{"start":{"line":67,"column":24},"end":{"line":67,"column":36}},"21":{"start":{"line":70,"column":8},"end":{"line":109,"column":11}},"22":{"start":{"line":72,"column":12},"end":{"line":72,"column":34}},"23":{"start":{"line":75,"column":12},"end":{"line":75,"column":35}},"24":{"start":{"line":76,"column":12},"end":{"line":76,"column":34}},"25":{"start":{"line":77,"column":12},"end":{"line":77,"column":44}},"26":{"start":{"line":80,"column":12},"end":{"line":80,"column":35}},"27":{"start":{"line":81,"column":12},"end":{"line":81,"column":32}},"28":{"start":{"line":82,"column":12},"end":{"line":82,"column":42}},"29":{"start":{"line":85,"column":12},"end":{"line":85,"column":34}},"30":{"start":{"line":88,"column":12},"end":{"line":88,"column":35}},"31":{"start":{"line":89,"column":12},"end":{"line":89,"column":34}},"32":{"start":{"line":90,"column":12},"end":{"line":90,"column":40}},"33":{"start":{"line":93,"column":12},"end":{"line":93,"column":35}},"34":{"start":{"line":94,"column":12},"end":{"line":94,"column":32}},"35":{"start":{"line":95,"column":12},"end":{"line":95,"column":42}},"36":{"start":{"line":98,"column":12},"end":{"line":98,"column":34}},"37":{"start":{"line":101,"column":12},"end":{"line":101,"column":35}},"38":{"start":{"line":102,"column":12},"end":{"line":102,"column":34}},"39":{"start":{"line":103,"column":12},"end":{"line":103,"column":84}},"40":{"start":{"line":103,"column":53},"end":{"line":103,"column":83}},"41":{"start":{"line":106,"column":12},"end":{"line":106,"column":35}},"42":{"start":{"line":107,"column":12},"end":{"line":107,"column":32}},"43":{"start":{"line":108,"column":12},"end":{"line":108,"column":42}},"44":{"start":{"line":113,"column":25},"end":{"line":113,"column":42}}},"fnMap":{"0":{"name":"(anonymous_0)","decl":{"start":{"line":16,"column":4},"end":{"line":16,"column":5}},"loc":{"start":{"line":16,"column":34},"end":{"line":27,"column":5}},"line":16},"1":{"name":"(anonymous_1)","decl":{"start":{"line":32,"column":4},"end":{"line":32,"column":5}},"loc":{"start":{"line":32,"column":27},"end":{"line":43,"column":5}},"line":32},"2":{"name":"(anonymous_2)","decl":{"start":{"line":48,"column":4},"end":{"line":48,"column":5}},"loc":{"start":{"line":48,"column":28},"end":{"line":59,"column":5}},"line":48},"3":{"name":"(anonymous_3)","decl":{"start":{"line":67,"column":15},"end":{"line":67,"column":16}},"loc":{"start":{"line":67,"column":24},"end":{"line":67,"column":36}},"line":67},"4":{"name":"(anonymous_4)","decl":{"start":{"line":69,"column":19},"end":{"line":69,"column":20}},"loc":{"start":{"line":69,"column":32},"end":{"line":110,"column":5}},"line":69},"5":{"name":"(anonymous_5)","decl":{"start":{"line":71,"column":38},"end":{"line":71,"column":39}},"loc":{"start":{"line":71,"column":49},"end":{"line":73,"column":10}},"line":71},"6":{"name":"(anonymous_6)","decl":{"start":{"line":74,"column":40},"end":{"line":74,"column":41}},"loc":{"start":{"line":74,"column":59},"end":{"line":78,"column":10}},"line":74},"7":{"name":"(anonymous_7)","decl":{"start":{"line":79,"column":39},"end":{"line":79,"column":40}},"loc":{"start":{"line":79,"column":58},"end":{"line":83,"column":10}},"line":79},"8":{"name":"(anonymous_8)","decl":{"start":{"line":84,"column":36},"end":{"line":84,"column":37}},"loc":{"start":{"line":84,"column":47},"end":{"line":86,"column":10}},"line":84},"9":{"name":"(anonymous_9)","decl":{"start":{"line":87,"column":38},"end":{"line":87,"column":39}},"loc":{"start":{"line":87,"column":57},"end":{"line":91,"column":10}},"line":87},"10":{"name":"(anonymous_10)","decl":{"start":{"line":92,"column":37},"end":{"line":92,"column":38}},"loc":{"start":{"line":92,"column":56},"end":{"line":96,"column":10}},"line":92},"11":{"name":"(anonymous_11)","decl":{"start":{"line":97,"column":38},"end":{"line":97,"column":39}},"loc":{"start":{"line":97,"column":49},"end":{"line":99,"column":10}},"line":97},"12":{"name":"(anonymous_12)","decl":{"start":{"line":100,"column":40},"end":{"line":100,"column":41}},"loc":{"start":{"line":100,"column":59},"end":{"line":104,"column":10}},"line":100},"13":{"name":"(anonymous_13)","decl":{"start":{"line":103,"column":45},"end":{"line":103,"column":46}},"loc":{"start":{"line":103,"column":53},"end":{"line":103,"column":83}},"line":103},"14":{"name":"(anonymous_14)","decl":{"start":{"line":105,"column":39},"end":{"line":105,"column":40}},"loc":{"start":{"line":105,"column":58},"end":{"line":109,"column":10}},"line":105}},"branchMap":{"0":{"loc":{"start":{"line":22,"column":28},"end":{"line":24,"column":47}},"type":"binary-expr","locations":[{"start":{"line":22,"column":29},"end":{"line":22,"column":43}},{"start":{"line":22,"column":47},"end":{"line":22,"column":66}},{"start":{"line":22,"column":70},"end":{"line":22,"column":97}},{"start":{"line":23,"column":31},"end":{"line":23,"column":44}},{"start":{"line":24,"column":31},"end":{"line":24,"column":47}}],"line":22},"1":{"loc":{"start":{"line":38,"column":28},"end":{"line":40,"column":47}},"type":"binary-expr","locations":[{"start":{"line":38,"column":29},"end":{"line":38,"column":43}},{"start":{"line":38,"column":47},"end":{"line":38,"column":66}},{"start":{"line":38,"column":70},"end":{"line":38,"column":97}},{"start":{"line":39,"column":31},"end":{"line":39,"column":44}},{"start":{"line":40,"column":31},"end":{"line":40,"column":47}}],"line":38},"2":{"loc":{"start":{"line":54,"column":28},"end":{"line":56,"column":47}},"type":"binary-expr","locations":[{"start":{"line":54,"column":29},"end":{"line":54,"column":43}},{"start":{"line":54,"column":47},"end":{"line":54,"column":66}},{"start":{"line":54,"column":70},"end":{"line":54,"column":97}},{"start":{"line":55,"column":31},"end":{"line":55,"column":44}},{"start":{"line":56,"column":31},"end":{"line":56,"column":47}}],"line":54}},"s":{"0":4,"1":4,"2":0,"3":0,"4":0,"5":0,"6":0,"7":4,"8":0,"9":0,"10":0,"11":0,"12":0,"13":4,"14":0,"15":0,"16":0,"17":0,"18":0,"19":4,"20":0,"21":2,"22":0,"23":0,"24":0,"25":0,"26":0,"27":0,"28":0,"29":0,"30":0,"31":0,"32":0,"33":0,"34":0,"35":0,"36":0,"37":0,"38":0,"39":0,"40":0,"41":0,"42":0,"43":0,"44":4},"f":{"0":0,"1":0,"2":0,"3":0,"4":2,"5":0,"6":0,"7":0,"8":0,"9":0,"10":0,"11":0,"12":0,"13":0,"14":0},"b":{"0":[0,0,0,0,0],"1":[0,0,0,0,0],"2":[0,0,0,0,0]},"_coverageSchema":"1a1c01bbd47fc00a2c39e90264f33305004495a9","hash":"b64cedcc137c9a8076c9951cecc42d6098725b49"}
}
